<?xml version="1.0" encoding="UTF-8"?>
<!-- Generated by org.testng.reporters.JUnitReportReporter -->
<testsuite hostname="DESKTOP-OSLRFP5" failures="0" tests="3" name="com.eh.qa.testcases.LoginPageTest" time="20.125" errors="0" timestamp="2023-12-11T16:34:01 IST" skipped="0">
  <testcase classname="com.eh.qa.testcases.LoginPageTest" name="VerifyLoginpageTitleTest" time="6.171"/>
  <testcase classname="com.eh.qa.testcases.LoginPageTest" name="VerifyEHLoginpageTest" time="7.913"/>
  <testcase classname="com.eh.qa.testcases.LoginPageTest" name="verifyEHLoginImageTest" time="6.041"/>
</testsuite> <!-- com.eh.qa.testcases.LoginPageTest -->
